生成启动时间为 2017/2/21 16:38:49。
     1>项目“J:\lin\GitSpace\ThreadPoolDemo\ThreadPoolDemo\ThreadPoolDemo.vcxproj”在节点 2 上(build 个目标)。
     1>InitializeBuildStatus:
         正在创建“Debug\ThreadPoolDemo.unsuccessfulbuild”，因为已指定“AlwaysCreate”。
       ClCompile:
         所有输出均为最新。
         C:\Program Files (x86)\Microsoft Visual Studio 10.0\VC\bin\CL.exe /c /ZI /nologo /W3 /WX- /Od /Oy- /D WIN32 /D _WINDOWS /D _DEBUG /D _UNICODE /D UNICODE /D _AFXDLL /Gm /EHsc /RTC1 /MDd /GS /fp:precise /Zc:wchar_t /Zc:forScope /Yu"StdAfx.h" /Fp"Debug\ThreadPoolDemo.pch" /Fo"Debug\\" /Fd"Debug\vc100.pdb" /Gd /TP /analyze- /errorReport:prompt SynThreadPool.cpp
         SynThreadPool.cpp
       ResourceCompile:
         所有输出均为最新。
       ManifestResourceCompile:
         所有输出均为最新。
       Link:
         C:\Program Files (x86)\Microsoft Visual Studio 10.0\VC\bin\link.exe /ERRORREPORT:PROMPT /OUT:"J:\lin\GitSpace\ThreadPoolDemo\Debug\ThreadPoolDemo.exe" /INCREMENTAL /NOLOGO /MANIFEST /ManifestFile:"Debug\ThreadPoolDemo.exe.intermediate.manifest" /MANIFESTUAC:"level='asInvoker' uiAccess='false'" /DEBUG /PDB:"J:\lin\GitSpace\ThreadPoolDemo\Debug\ThreadPoolDemo.pdb" /SUBSYSTEM:WINDOWS /TLBID:1 /ENTRY:"wWinMainCRTStartup" /DYNAMICBASE /NXCOMPAT /IMPLIB:"J:\lin\GitSpace\ThreadPoolDemo\Debug\ThreadPoolDemo.lib" /MACHINE:X86 Debug\ThreadPoolDemo.res
         Debug\ThreadPoolDemo.exe.embed.manifest.res
         Debug\stdafx.obj
         Debug\SynThreadPool.obj
         Debug\ThreadPoolDemo.obj
         Debug\ThreadPoolDemoDlg.obj
         Debug\TThreadPool.obj
       Manifest:
         C:\Program Files (x86)\Microsoft SDKs\Windows\v7.0A\bin\mt.exe /nologo /verbose /out:"Debug\ThreadPoolDemo.exe.embed.manifest" /manifest Debug\ThreadPoolDemo.exe.intermediate.manifest "C:\Program Files (x86)\Microsoft Visual Studio 10.0\VC\Include\Manifest\dpiaware.manifest"
         所有输出均为最新。
       LinkEmbedManifest:
         所有输出均为最新。
         ThreadPoolDemo.vcxproj -> J:\lin\GitSpace\ThreadPoolDemo\Debug\ThreadPoolDemo.exe
       FinalizeBuildStatus:
         正在删除文件“Debug\ThreadPoolDemo.unsuccessfulbuild”。
         正在对“Debug\ThreadPoolDemo.lastbuildstate”执行 Touch 任务。
     1>已完成生成项目“J:\lin\GitSpace\ThreadPoolDemo\ThreadPoolDemo\ThreadPoolDemo.vcxproj”(build 个目标)的操作。

生成成功。

已用时间 00:00:00.90
