J:\LIN\GITSPACE\THREADPOOLDEMO\DEBUG\THREADPOOLDEMO.EXE
J:\LIN\GITSPACE\THREADPOOLDEMO\DEBUG\THREADPOOLDEMO.ILK
J:\LIN\GITSPACE\THREADPOOLDEMO\DEBUG\THREADPOOLDEMO.PDB
J:\lin\GitSpace\ThreadPoolDemo\ThreadPoolDemo\Debug\cl.command.1.tlog
J:\lin\GitSpace\ThreadPoolDemo\ThreadPoolDemo\Debug\CL.read.1.tlog
J:\lin\GitSpace\ThreadPoolDemo\ThreadPoolDemo\Debug\CL.write.1.tlog
J:\lin\GitSpace\ThreadPoolDemo\ThreadPoolDemo\Debug\link.command.1.tlog
J:\lin\GitSpace\ThreadPoolDemo\ThreadPoolDemo\Debug\link.read.1.tlog
J:\lin\GitSpace\ThreadPoolDemo\ThreadPoolDemo\Debug\link.write.1.tlog
J:\lin\GitSpace\ThreadPoolDemo\ThreadPoolDemo\Debug\link-cvtres.read.1.tlog
J:\lin\GitSpace\ThreadPoolDemo\ThreadPoolDemo\Debug\link-cvtres.write.1.tlog
J:\lin\GitSpace\ThreadPoolDemo\ThreadPoolDemo\Debug\mt.command.1.tlog
J:\lin\GitSpace\ThreadPoolDemo\ThreadPoolDemo\Debug\mt.read.1.tlog
J:\lin\GitSpace\ThreadPoolDemo\ThreadPoolDemo\Debug\mt.write.1.tlog
J:\lin\GitSpace\ThreadPoolDemo\ThreadPoolDemo\Debug\rc.command.1.tlog
J:\lin\GitSpace\ThreadPoolDemo\ThreadPoolDemo\Debug\rc.read.1.tlog
J:\lin\GitSpace\ThreadPoolDemo\ThreadPoolDemo\Debug\rc.write.1.tlog
J:\LIN\GITSPACE\THREADPOOLDEMO\THREADPOOLDEMO\DEBUG\STDAFX.OBJ
J:\LIN\GITSPACE\THREADPOOLDEMO\THREADPOOLDEMO\DEBUG\THREADPOOLDEMO.EXE.EMBED.MANIFEST
J:\LIN\GITSPACE\THREADPOOLDEMO\THREADPOOLDEMO\DEBUG\THREADPOOLDEMO.EXE.EMBED.MANIFEST.RES
J:\LIN\GITSPACE\THREADPOOLDEMO\THREADPOOLDEMO\DEBUG\THREADPOOLDEMO.EXE.INTERMEDIATE.MANIFEST
J:\LIN\GITSPACE\THREADPOOLDEMO\THREADPOOLDEMO\DEBUG\THREADPOOLDEMO.OBJ
J:\LIN\GITSPACE\THREADPOOLDEMO\THREADPOOLDEMO\DEBUG\THREADPOOLDEMO.PCH
J:\LIN\GITSPACE\THREADPOOLDEMO\THREADPOOLDEMO\DEBUG\THREADPOOLDEMO.RES
J:\lin\GitSpace\ThreadPoolDemo\ThreadPoolDemo\Debug\ThreadPoolDemo.vcxprojResolveAssemblyReference.cache
J:\lin\GitSpace\ThreadPoolDemo\ThreadPoolDemo\Debug\ThreadPoolDemo.write.1.tlog
J:\lin\GitSpace\ThreadPoolDemo\ThreadPoolDemo\Debug\ThreadPoolDemo_manifest.rc
J:\LIN\GITSPACE\THREADPOOLDEMO\THREADPOOLDEMO\DEBUG\THREADPOOLDEMODLG.OBJ
J:\LIN\GITSPACE\THREADPOOLDEMO\THREADPOOLDEMO\DEBUG\TTHREADPOOL.OBJ
J:\lin\GitSpace\ThreadPoolDemo\ThreadPoolDemo\Debug\vc100.idb
J:\LIN\GITSPACE\THREADPOOLDEMO\THREADPOOLDEMO\DEBUG\VC100.PDB
